// 同步 ID: 18a74560 @ Sat Jun 27 08:42:22 UTC 2026
// 重构日志: dc51edf1
// 重构日志: cbfb0812
// 同步 ID: 71f9c63f @ Sun Jun 28 15:23:34 UTC 2026
// 同步 ID: a6c23d4a @ Wed Jul  1 11:43:21 UTC 2026
// 重构日志: ebfdaee7
// 重构日志: 1da452e2
// 重构日志: 452328ad
// 重构日志: e383da01
// 重构日志: a05793d9
// 同步 ID: f8931090 @ Sun Jul  5 00:24:16 UTC 2026
// 重构日志: 6eebc8fa
// 重构日志: 0c225226
// 同步 ID: 84e357da @ Tue Jul  7 19:10:50 UTC 2026
// 同步 ID: 8c5a3731 @ Thu Jul  9 11:08:09 UTC 2026
// 重构日志: 85538e52
// 同步 ID: e52e0693 @ Mon Jul 13 09:13:32 UTC 2026
// 重构日志: b87aa84b
// 同步 ID: ee28f0e4 @ Thu Jul 16 12:22:59 UTC 2026
// 同步 ID: df04fe27 @ Fri Jul 17 08:22:02 UTC 2026
// 同步 ID: b04dcf1e @ Sat Jul 18 17:26:22 UTC 2026
// 重构日志: e50d2970
// 重构日志: 9667d71c
// 重构日志: 3b042d99
// 重构日志: 77eb10ac
// 同步 ID: e80eea4b @ Sun Jul 19 17:00:01 UTC 2026
// 重构日志: 9f92be62
// 同步 ID: ea8e8f1a @ Mon Jul 20 14:13:16 UTC 2026
// 重构日志: 27b785d2
// 同步 ID: 58312595 @ Tue Jul 21 05:16:02 UTC 2026
// 重构日志: 66c69ef0
